mpirun -np 16 python train_ddp.py --num-layers 4 --hidden-size 2048 --data-dir /home/sathwik7/scratch.bhatele-lab/tutorial-venv --batch-size 32 --lr 0.001 --image-size 64 --checkpoint-activations
--------------------------------------------------------------------------
The library attempted to open the following supporting CUDA libraries,
but each of them failed.  CUDA-aware support is disabled.
libcuda.so.1: cannot open shared object file: No such file or directory
libcuda.dylib: cannot open shared object file: No such file or directory
/usr/lib64/libcuda.so.1: cannot open shared object file: No such file or directory
/usr/lib64/libcuda.dylib: cannot open shared object file: No such file or directory
If you are not interested in CUDA-aware support, then run with
--mca opal_warn_on_missing_libcuda 0 to suppress this message.  If you are interested
in CUDA-aware support, then try setting LD_LIBRARY_PATH to the location
of libcuda.so.1 to get passed this issue.
--------------------------------------------------------------------------
Rank 0 : initialized pytorch dist
Rank 0 : Model Size = 0.142686218 B
Rank 0 : Start training with DDP...

[compute-b6-43.zaratan.umd.edu:388990] 15 more processes have sent help message help-mpi-common-cuda.txt / dlopen failed
[compute-b6-43.zaratan.umd.edu:388990] Set MCA parameter "orte_base_help_aggregate" to 0 to see all help / error messages
Rank 0 : Epoch 0 | Iter 0/1875 | Iter Train Loss = 2.526 | Iter Time = 2.595231 s
Rank 0 : Epoch 0 | Iter 200/1875 | Iter Train Loss = 3.893 | Iter Time = 1.580909 s
Rank 0 : Epoch 0 | Iter 400/1875 | Iter Train Loss = 0.107 | Iter Time = 1.597311 s
Rank 0 : Epoch 0 | Iter 600/1875 | Iter Train Loss = 0.889 | Iter Time = 1.587530 s
Rank 0 : Epoch 0 | Iter 800/1875 | Iter Train Loss = 1.829 | Iter Time = 1.594537 s
Rank 0 : Epoch 0 | Iter 1000/1875 | Iter Train Loss = 0.002 | Iter Time = 1.592799 s
Rank 0 : Epoch 0 | Iter 1200/1875 | Iter Train Loss = 0.813 | Iter Time = 1.586763 s
Rank 0 : Epoch 0 | Iter 1400/1875 | Iter Train Loss = 0.024 | Iter Time = 1.590271 s
Rank 0 : Epoch 0 | Iter 1600/1875 | Iter Train Loss = 0.050 | Iter Time = 1.589056 s
Rank 0 : Epoch 0 | Iter 1800/1875 | Iter Train Loss = 0.017 | Iter Time = 1.577956 s
Rank 0 : Epoch 0 : Epoch Train Loss= 0.795 | Average Iter Time = 1.589426 s
Current Memory Usage = 0.00 GB | Peak Memory Usage = 0.00 GB
Rank 0 : Epoch 1 | Iter 0/1875 | Iter Train Loss = 0.056 | Iter Time = 4.036189 s
Rank 0 : Epoch 1 | Iter 200/1875 | Iter Train Loss = 3.701 | Iter Time = 1.591213 s
Rank 0 : Epoch 1 | Iter 400/1875 | Iter Train Loss = 0.004 | Iter Time = 1.597737 s
Rank 0 : Epoch 1 | Iter 600/1875 | Iter Train Loss = 0.447 | Iter Time = 1.619004 s
Rank 0 : Epoch 1 | Iter 800/1875 | Iter Train Loss = 0.674 | Iter Time = 1.592125 s
Rank 0 : Epoch 1 | Iter 1000/1875 | Iter Train Loss = 0.000 | Iter Time = 1.595384 s
Rank 0 : Epoch 1 | Iter 1200/1875 | Iter Train Loss = 1.812 | Iter Time = 1.600940 s
Rank 0 : Epoch 1 | Iter 1400/1875 | Iter Train Loss = 0.009 | Iter Time = 1.579707 s
Rank 0 : Epoch 1 | Iter 1600/1875 | Iter Train Loss = 0.108 | Iter Time = 1.571716 s
Rank 0 : Epoch 1 | Iter 1800/1875 | Iter Train Loss = 0.012 | Iter Time = 1.619392 s
Rank 0 : Epoch 1 : Epoch Train Loss= 0.450 | Average Iter Time = 1.595129 s
Current Memory Usage = 0.00 GB | Peak Memory Usage = 0.00 GB
Rank 0 : 
End training ..
