mpirun -np 16 python train_ddp.py --num-layers 4 --hidden-size 2048 --data-dir /home/sathwik7/scratch.bhatele-lab/tutorial-venv --batch-size 32 --lr 0.001 --image-size 64 --checkpoint-activations
--------------------------------------------------------------------------
The library attempted to open the following supporting CUDA libraries,
but each of them failed.  CUDA-aware support is disabled.
libcuda.so.1: cannot open shared object file: No such file or directory
libcuda.dylib: cannot open shared object file: No such file or directory
/usr/lib64/libcuda.so.1: cannot open shared object file: No such file or directory
/usr/lib64/libcuda.dylib: cannot open shared object file: No such file or directory
If you are not interested in CUDA-aware support, then run with
--mca opal_warn_on_missing_libcuda 0 to suppress this message.  If you are interested
in CUDA-aware support, then try setting LD_LIBRARY_PATH to the location
of libcuda.so.1 to get passed this issue.
--------------------------------------------------------------------------
Rank 0 : initialized pytorch dist
Rank 0 : Model Size = 0.142686218 B
Rank 0 : Start training with DDP...

Rank 0 : Epoch 0 | Iter 0/1875 | Iter Train Loss = 2.365 | Iter Time = 2.568829 s
[compute-b6-44.zaratan.umd.edu:796585] 15 more processes have sent help message help-mpi-common-cuda.txt / dlopen failed
[compute-b6-44.zaratan.umd.edu:796585] Set MCA parameter "orte_base_help_aggregate" to 0 to see all help / error messages
Rank 0 : Epoch 0 | Iter 200/1875 | Iter Train Loss = 7.005 | Iter Time = 1.854799 s
Rank 0 : Epoch 0 | Iter 400/1875 | Iter Train Loss = 0.066 | Iter Time = 1.882280 s
Rank 0 : Epoch 0 | Iter 600/1875 | Iter Train Loss = 0.516 | Iter Time = 1.869310 s
Rank 0 : Epoch 0 | Iter 800/1875 | Iter Train Loss = 1.754 | Iter Time = 1.827620 s
Rank 0 : Epoch 0 | Iter 1000/1875 | Iter Train Loss = 0.007 | Iter Time = 1.821878 s
Rank 0 : Epoch 0 | Iter 1200/1875 | Iter Train Loss = 2.008 | Iter Time = 1.815978 s
Rank 0 : Epoch 0 | Iter 1400/1875 | Iter Train Loss = 0.321 | Iter Time = 1.835717 s
Rank 0 : Epoch 0 | Iter 1600/1875 | Iter Train Loss = 0.216 | Iter Time = 1.769783 s
Rank 0 : Epoch 0 | Iter 1800/1875 | Iter Train Loss = 0.037 | Iter Time = 1.788932 s
Rank 0 : Epoch 0 : Epoch Train Loss= 0.770 | Average Iter Time = 1.818787 s
Current Memory Usage = 0.00 GB | Peak Memory Usage = 0.00 GB
Rank 0 : Epoch 1 | Iter 0/1875 | Iter Train Loss = 0.028 | Iter Time = 4.180286 s
Rank 0 : Epoch 1 | Iter 200/1875 | Iter Train Loss = 2.290 | Iter Time = 1.847638 s
Rank 0 : Epoch 1 | Iter 400/1875 | Iter Train Loss = 0.017 | Iter Time = 1.834710 s
Rank 0 : Epoch 1 | Iter 600/1875 | Iter Train Loss = 0.807 | Iter Time = 1.790300 s
Rank 0 : Epoch 1 | Iter 800/1875 | Iter Train Loss = 0.833 | Iter Time = 1.824132 s
Rank 0 : Epoch 1 | Iter 1000/1875 | Iter Train Loss = 0.000 | Iter Time = 1.873881 s
Rank 0 : Epoch 1 | Iter 1200/1875 | Iter Train Loss = 1.000 | Iter Time = 1.864888 s
Rank 0 : Epoch 1 | Iter 1400/1875 | Iter Train Loss = 0.006 | Iter Time = 1.822258 s
Rank 0 : Epoch 1 | Iter 1600/1875 | Iter Train Loss = 0.109 | Iter Time = 1.837306 s
Rank 0 : Epoch 1 | Iter 1800/1875 | Iter Train Loss = 0.035 | Iter Time = 1.888870 s
Rank 0 : Epoch 1 : Epoch Train Loss= 0.461 | Average Iter Time = 1.830675 s
Current Memory Usage = 0.00 GB | Peak Memory Usage = 0.00 GB
Rank 0 : 
End training ..
