mpirun -np 4 python train_ddp.py --num-layers 4 --hidden-size 2048 --data-dir /home/sathwik7/scratch.bhatele-lab/tutorial-venv --batch-size 32 --lr 0.001 --image-size 64 --checkpoint-activations
--------------------------------------------------------------------------
The library attempted to open the following supporting CUDA libraries,
but each of them failed.  CUDA-aware support is disabled.
libcuda.so.1: cannot open shared object file: No such file or directory
libcuda.dylib: cannot open shared object file: No such file or directory
/usr/lib64/libcuda.so.1: cannot open shared object file: No such file or directory
/usr/lib64/libcuda.dylib: cannot open shared object file: No such file or directory
If you are not interested in CUDA-aware support, then run with
--mca opal_warn_on_missing_libcuda 0 to suppress this message.  If you are interested
in CUDA-aware support, then try setting LD_LIBRARY_PATH to the location
of libcuda.so.1 to get passed this issue.
--------------------------------------------------------------------------
Rank 0 : initialized pytorch dist
Rank 0 : Model Size = 0.142686218 B
Rank 0 : Start training with DDP...

Rank 0 : Epoch 0 | Iter 0/1875 | Iter Train Loss = 2.372 | Iter Time = 1.295069 s
[compute-b6-23.zaratan.umd.edu:441920] 3 more processes have sent help message help-mpi-common-cuda.txt / dlopen failed
[compute-b6-23.zaratan.umd.edu:441920] Set MCA parameter "orte_base_help_aggregate" to 0 to see all help / error messages
Rank 0 : Epoch 0 | Iter 200/1875 | Iter Train Loss = 1.861 | Iter Time = 0.918157 s
Rank 0 : Epoch 0 | Iter 400/1875 | Iter Train Loss = 0.477 | Iter Time = 0.936136 s
Rank 0 : Epoch 0 | Iter 600/1875 | Iter Train Loss = 1.123 | Iter Time = 0.914133 s
Rank 0 : Epoch 0 | Iter 800/1875 | Iter Train Loss = 0.744 | Iter Time = 0.953002 s
Rank 0 : Epoch 0 | Iter 1000/1875 | Iter Train Loss = 0.070 | Iter Time = 0.901297 s
Rank 0 : Epoch 0 | Iter 1200/1875 | Iter Train Loss = 0.406 | Iter Time = 0.900061 s
Rank 0 : Epoch 0 | Iter 1400/1875 | Iter Train Loss = 0.143 | Iter Time = 0.925134 s
Rank 0 : Epoch 0 | Iter 1600/1875 | Iter Train Loss = 0.300 | Iter Time = 0.931890 s
Rank 0 : Epoch 0 | Iter 1800/1875 | Iter Train Loss = 0.092 | Iter Time = 0.930240 s
Rank 0 : Epoch 0 : Epoch Train Loss= 0.917 | Average Iter Time = 0.919588 s
Current Memory Usage = 0.00 GB | Peak Memory Usage = 0.00 GB
Rank 0 : Epoch 1 | Iter 0/1875 | Iter Train Loss = 0.259 | Iter Time = 1.935518 s
Rank 0 : Epoch 1 | Iter 200/1875 | Iter Train Loss = 0.811 | Iter Time = 0.933577 s
Rank 0 : Epoch 1 | Iter 400/1875 | Iter Train Loss = 0.326 | Iter Time = 0.933011 s
Rank 0 : Epoch 1 | Iter 600/1875 | Iter Train Loss = 0.939 | Iter Time = 0.914447 s
Rank 0 : Epoch 1 | Iter 800/1875 | Iter Train Loss = 0.509 | Iter Time = 0.931090 s
Rank 0 : Epoch 1 | Iter 1000/1875 | Iter Train Loss = 0.025 | Iter Time = 0.920313 s
Rank 0 : Epoch 1 | Iter 1200/1875 | Iter Train Loss = 0.219 | Iter Time = 0.938435 s
Rank 0 : Epoch 1 | Iter 1400/1875 | Iter Train Loss = 0.030 | Iter Time = 0.917062 s
Rank 0 : Epoch 1 | Iter 1600/1875 | Iter Train Loss = 0.633 | Iter Time = 0.948961 s
Rank 0 : Epoch 1 | Iter 1800/1875 | Iter Train Loss = 0.199 | Iter Time = 0.928430 s
Rank 0 : Epoch 1 : Epoch Train Loss= 0.437 | Average Iter Time = 0.931614 s
Current Memory Usage = 0.00 GB | Peak Memory Usage = 0.00 GB
Rank 0 : 
End training ..
