mpirun -np 2 python train_ddp.py --num-layers 4 --hidden-size 2048 --data-dir /home/sathwik7/scratch.bhatele-lab/tutorial-venv --batch-size 32 --lr 0.001 --image-size 64 --checkpoint-activations
--------------------------------------------------------------------------
The library attempted to open the following supporting CUDA libraries,
but each of them failed.  CUDA-aware support is disabled.
libcuda.so.1: cannot open shared object file: No such file or directory
libcuda.dylib: cannot open shared object file: No such file or directory
/usr/lib64/libcuda.so.1: cannot open shared object file: No such file or directory
/usr/lib64/libcuda.dylib: cannot open shared object file: No such file or directory
If you are not interested in CUDA-aware support, then run with
--mca opal_warn_on_missing_libcuda 0 to suppress this message.  If you are interested
in CUDA-aware support, then try setting LD_LIBRARY_PATH to the location
of libcuda.so.1 to get passed this issue.
--------------------------------------------------------------------------
Rank 0 : initialized pytorch dist
Rank 0 : Model Size = 0.142686218 B
Rank 0 : Start training with DDP...

[compute-b8-30.zaratan.umd.edu:1384769] 1 more process has sent help message help-mpi-common-cuda.txt / dlopen failed
[compute-b8-30.zaratan.umd.edu:1384769] Set MCA parameter "orte_base_help_aggregate" to 0 to see all help / error messages
Rank 0 : Epoch 0 | Iter 0/1875 | Iter Train Loss = 2.388 | Iter Time = 2.503027 s
Rank 0 : Epoch 0 | Iter 200/1875 | Iter Train Loss = 1.152 | Iter Time = 2.273113 s
Rank 0 : Epoch 0 | Iter 400/1875 | Iter Train Loss = 0.429 | Iter Time = 2.269927 s
Rank 0 : Epoch 0 | Iter 600/1875 | Iter Train Loss = 0.815 | Iter Time = 2.272983 s
Rank 0 : Epoch 0 | Iter 800/1875 | Iter Train Loss = 0.677 | Iter Time = 2.263335 s
Rank 0 : Epoch 0 | Iter 1000/1875 | Iter Train Loss = 0.145 | Iter Time = 2.263345 s
Rank 0 : Epoch 0 | Iter 1200/1875 | Iter Train Loss = 0.483 | Iter Time = 2.252634 s
Rank 0 : Epoch 0 | Iter 1400/1875 | Iter Train Loss = 0.597 | Iter Time = 2.258639 s
Rank 0 : Epoch 0 | Iter 1600/1875 | Iter Train Loss = 0.207 | Iter Time = 2.247800 s
Rank 0 : Epoch 0 | Iter 1800/1875 | Iter Train Loss = 0.084 | Iter Time = 2.262618 s
Rank 0 : Epoch 0 : Epoch Train Loss= 0.766 | Average Iter Time = 2.264136 s
Current Memory Usage = 0.00 GB | Peak Memory Usage = 0.00 GB
Rank 0 : Epoch 1 | Iter 0/1875 | Iter Train Loss = 0.538 | Iter Time = 2.978209 s
Rank 0 : Epoch 1 | Iter 200/1875 | Iter Train Loss = 0.433 | Iter Time = 2.263890 s
Rank 0 : Epoch 1 | Iter 400/1875 | Iter Train Loss = 0.139 | Iter Time = 2.267788 s
Rank 0 : Epoch 1 | Iter 600/1875 | Iter Train Loss = 0.654 | Iter Time = 2.268794 s
Rank 0 : Epoch 1 | Iter 800/1875 | Iter Train Loss = 0.579 | Iter Time = 2.269403 s
Rank 0 : Epoch 1 | Iter 1000/1875 | Iter Train Loss = 0.139 | Iter Time = 2.274755 s
Rank 0 : Epoch 1 | Iter 1200/1875 | Iter Train Loss = 0.527 | Iter Time = 2.280888 s
slurmstepd: error: *** JOB 4345644 ON compute-b8-30 CANCELLED AT 2023-12-13T12:06:41 DUE TO TIME LIMIT ***
